009-1
10 Things You Don't Know About
1000 Ways To Die
11.22.63
12 Monkeys
16 and Pregnant
2 Broke Girls
20-20
24
24 Hours In a and E
24 Hours on Earth
24 hours in A&E
2x2 = Shinobuden
30 Rock
48 Hours
7 Lives X-posed
7 days of Sex
A Gifted Man
A Place To Call Home
A Young Doctors Notebook
A to Z
APB With Troy Dunn
About a Boy
Adam-12
Aeon Flux
Agent Carter
Agent X (US)
Alaska State Troopers
Alaska the last frontier
Alaskan Bush People
Alcatraz
Ali G Rezurection
Alias
All Girls Garage
Allegiance
Almost Human
Alpha House
Alphas
America Unearthed
America's Book of Secrets
America's Greatest Makers
American Chopper
American Crime
American Crime Story
American Daredevils
American Gothic (2016)
American Greed
American Greed The Fugitives
American Grit
American Horror Story
American Housewife
American Icon- The Hot Rod
American Idol
American Ninja Warrior
American Odyssey
American Pickers
American Restoration
Americas Book of Secrets
An Idiot Abroad
Ancient Aliens
Andromeda
Angel From Hell
Angie Tribeca
Animal Kingdom
Appalachian Outlaws
Aquarius
Archer
Army Wives
Arn - The Knight Templar
Arrested Development
Arrow
Ascension
Ash vs Evil Dead
Assy McGee
Atlantis 2013
Auction Hunters
Auctionhunters
Aussie Pickers
Auto Trader
Autopsy
Avatar the Last Airbender
Awkward
Ax Men
Axe Cop
Baby Daddy
Babylon
Babylon (2014)
Back in the Game
Backstrom
Bad Education
Bad Ink
Bad Judge
Bad Teacher
Bait Car
Ballers
Banshee
Bar Rescue
Barbarians Rising
Barter Kings
Baskets
Bates Motel
Batman Tas
Batman The Animated Series
Battle Girls - Time Paradox
Battle Star Galactica Blood and Chrome
BattleBots (2015)
Battlestar Galactica
Battlestar Galactica (2003)
Battlestar Galactica 1978
Being Human
Being Human Us
Believe
Below Deck
Benders
Benny Hill
Bering Sea Gold
Best Friends Forever
Best Time Ever with Neil Patrick Harris
Betrayal
Better Call Saul
Better Late Than Never
Better Off Ted
Between
Beyond the Tank
Big Love
Big Rig Bounty Hunters
Bigfoot Files
Bikini Barbershop Jersey
Billions
Bionic Woman
Bitten
Bizarre Foods
Black Box
Black Dynamite
Black Mirror
Black Ops
Black Sails
Black Tie Nights
Black-ish
Bleach
Blindspot
Blood & Oil
Bloodline
Blue
Blue Bloods
Blue Mountain State
Bluestone 42
BoJack Horseman
Boardwalk Empire
Bobs Burgers
Body of Proof
Bomb Girls
Bonanza
Bones
Bonnie and Clyde
Border Security- Canada's Front Line
Bordertown
Bored to Death
Bosch
Boston Legal
Boston's Finest
Brad Meltzer's Decoded
Brain Games
BrainDead
Breaking Amish
Breaking Amish Brave New World
Breaking Amish LA
Breaking Bad
Breaking In
Breaking the Magicians Code
Britain's Toughest Cops
Broad City
Broadchurch
Brooklyn Nine-Nine
Buckwild
Buffy the Animated Series
Buffy the Vampire Slayer
Burn Notice
Buying Hawaii
Buying Naked
C.O.P.S
CIA Confidential
CIA Declassified
CSI Crime Scene Investigation
CSI NY Season 2 DVDR PAL
Californication
Call Me Fitz
Camp
Caper
Caprica
Car Lot Rescue
Car SOS
Carnivàle
Castle 2009
Casual
Casualty
Catalyst
Catch My Killer
Catching Hell
Catfish- The TV Show
Cathouse The Series
Cedar Cove
Celebrities Undercover
Charlie's Angels (2011)
Charlies Angels 2011
Charmed
Chasing Shadows
Cheaters
Chicago Fire
Chicago Med
Chicago Pd
Childhood's End
Chozen
Chrisley Knows Best
Cities of the Underworld
Cleverman
Code Black
Cold Justice
Cold Water Cowboys
Community
Constantine
Containment
Continuum
Cops
Cops Reloaded
Cordon
Cosmos a Space Time Odyssey
Cougar Town
Counting Cars
Countryside Cops
Coupling
Covert Affairs
Cracked
Cracked (2013)
Crazy Ex-Girlfriend
Criminal Minds
Criminal Minds- Beyond Borders
Crisis
Cristela
Crossbones
Crossing Lines
Crowded
Csi
Csi Cyber
Csi New York
Csi Ny
Curb Your Enthusiasm
D-Frag!
DC's Legends of Tomorrow
Da Vincis Demons
Dallas Cowboys Cheerleaders Making the Team
Dallas SWAT
Damages
Dancing With the Stars Au
Dancing With the Stars Us
Dancing with the Stars
Dancing with the Stars (AU)
Dancing with the Stars (KR)
Dark Matter
Dark Matters
Dash Cam Diaries
Dateline NBC
Dating Naked
Dead Famous
Dead Like Me
Dead of Summer
Deadbeat
Deadliest Catch
Deadly Wives
Deadtime Stories
Deadwood
Debbie Macomber's Cedar Cove
Decoded
Deep Sea Salvage
Defiance
Descending
Designated Survivor
Destination Truth
Devious Maids
Dexter
Dexter's Laboratory
Diamond Divers
Difficult People
Dig
Dirk Gently’s Holistic Detective Agency
Disappeared
Discovery Channel Shark Week Ocean Of Fear
Discovery Channel Titanic The Entire Story
Discovery Wings
Dive Detectives
Dive WWII Our Secret History
Doc Martin
Doctor Who 2005
Doll & Em
Dollhouse
Dominion
Donny
Donny!
Dont Trust the Bitch In Apartment 23
Double Divas
Downton Abbey
Dr Ken
Dr. Ken
Dracula
Dracula 2013
Dragnet
Dragnet (1951)
Dragons Den Uk
Dragons' Den
Drive
Drop Dead Diva
Drunk History
Drunk History (UK)
Dual Survival
Eastwick
Elementary
Elfen Lied
Emergency
Emergency!
Enlightened
Enlisted
Episodes
Eureka
Expedition Unknown
Extant
Eye Candy
Face Off
Fact or Faked Paranormal Files
Faking It 2014
Falling Skies
Family Guy
Family Tools
Fangasm
Fargo
Farscape
Fast N' Loud
Fear the Walking Dead
Femme Fatales
Filthy Sexy Teens
Finding Bigfoot
Finding Carter
Firefly
Fish Tank Kings
Flash
Fleming
Flesh and Bone
Flight of the Conchords
Flip or Flop
For Peete's Sake
Forbidden Science
Forensic Files
Forever
Forged in Fire
Freaks and Geeks
Freakshow
Free Agents
Fresh Meat
Fresh Off the Boat
Friday Night Lights
Friends
Friends With Benefits
Friends with Better Lives
Fringe
From Dusk Till Dawn
Fuller House
Funny Or Die's Billy On The Street
Funny Or Dies Billy on the Street
Futurama
G String Divas
GCB
Galavant
Game of Silence
Game of Thrones
Gang Related
Garfunkel and Oates
Gavin & Stacey
Ghost Hunters
Ghost Mine
Gilligans Island
Girl Code
Girl Meets World
Girls
Gold Rush
Gold Rush Alaska
Gold Rush South America
Good Eats
Good Girls Revolt
Gotham
Grace and Frankie
Gracepoint
Graveyard Carz
Gravity Falls
Greys Anatomy
Grimm
Ground Floor
Growing Up Fisher
Guilt
Gunslinger Girl
Gypsy Sisters
HUNTER - Women After Reward Money
Halt and Catch Fire
Hand of God
Hangar 1 The UFO Files
Hannibal
Happy Endings
Hardcore Pawn
Hart of Dixie
Haven
Hawaii Five-0
Hawaii Life
Hawthorne
Heading Out
Heartbeat (2016)
Heartless
Heirs (2013)
Helix
Hell on Wheels
Hemlock Grove
Heroes Reborn
Heroes of Cosplay
High Maintenance
Him and Her
Hoarders
Hogans Heroes
Home Free (2015)
Homeland
Hooters International Swimsuit Pageant
Hooters Snow Angels
Hostages
Hot In Cleveland
Houdini
Houdini & Doyle
House
House Hunters
House of Anubis
House of Cards (US)
How I Met Your Mother
How Its Made
How To Get Away With Murder
How the States Got Their Shapes
Human Target (2010)
Human Target 2010
Humans
Hunted
Hunters
Hunting Hitler
I Dream of Jeannie
I Love Lucy
I Want That
I Want That Car
I'm Pregnant And
Ice Road Truckers
Ice loves Coco
In Plain Sight
In Search of Aliens
Incorporated
Ink Master
Insane Pools- Off the Deep End
Inside Amy Schumer
Inside No 9
Intelligence Us
Intervention
Into the Badlands
Intruders
Intruders (US)
Ironside (2013)
Ironside 2013
It Takes a Thief
It Takes a Thief (2005)
Its Always Sunny In Philadelphia
Jail
Jane the Virgin
Jay Leno's Garage (2015)
Jenna's American Sex Star
Jersey Belle
Jim Hensons Creature Shop Challenge
Jimmy Fallon
Jimmy Kimmel Live
John Adams
Jonathan Strange & Mr Norrell
Judge Judy
Junkyard Wars
Just Cos
Justified
K.C. Undercover
Katie Morgan Sex Specials
Kevin Can Wait
Key and Peele
Kickin It
Kickin' It
Killer Magic
Killer Women
Killjoys
Kim Possible
Kingdom
Kingdom (2014)
Klondike (2014)
Klondike 2014
Knife Fight
Knight Rider
Knight Rider (2008)
Kocktails With Khloe
Kong- King of the Apes
Ladies of London
Last Man Standing Us
Last Week Tonight with John Oliver
Late Night With Conan (2010)
Late Night With Jimmy
Late Night With Jimmy Fallon
Late Night with Seth Meyers
Law & Order Los Angeles
Law & Order- Special Victims Unit
Law and Order Los Angeles
Law and Order Uk
Legend of the Superstition Mountains
Legends 2014
Legit
Legit (2013)
Lethal Weapon
Lex
Lexx
Life Below Zero
Life On Top
Life in Pieces
Lilyhammer
Limitless
Line of Duty
Lingerie
Lip Sync Battle
Little Britain
Little Women LA
Little Women- NY
Little Women- Terras Little Family
Lockdown
Lockup
Lone Target
Long Island Medium
Longmire
Lost
Lost Girl
Love Bites
Lucifer
Luther
M-A-S-H
MAD
MacGyver (2016)
Machines Time Forgot
Mad Dogs (US)
Mad Men
Madam Secretary
Made in Jersey
Magic City
Major Crimes
Making a Murderer
Malcolm In the Middle
Malibu Country
Mammon
Man Seeking Woman
Man With A Plan
Manhattan
Mantracker
Marco Polo (2014)
Married
Married at First Sight
Married at First Sight (AU)
Married at First Sight (UK)
Married to Medicine
Marry Him If You Dare
Marry Me
Marseille
Marvel Daredevil
Marvel's Agent Carter
Marvel's Agents of S.H.I.E.L.D
Marvel's Daredevil
Marvel's Jessica Jones
Marvel's Luke Cage
Master of None
MasterChef Junior
Masters of Sex
Maverick
Melissa & Joey
Melissa and Joey
Men at Work
Men of a Certain Age
Merlin
Metal Hurlant Chronicles
Mike and Molly
Mind Games
Mind Games (2014)
Minority Report
Miraculous Ladybug
Miranda
Misfits
Missing 2012
Mission Impossible
Mistresses (US)
Mixology
Mob City
Mobbed
Modern Family
Modern Marvels
Mom
Monk
Monster Bug Wars
Moonbeam City
Motive
Motor Morphers
Mountain Monsters
Mr Selfridge
Mr. Robot
Mud Men
Mulaney
Murdoch Mysteries
My Big Breasts and Me
My Crazy Ex
My Mad Fat Diary
My Strange Addiction
My Wife is Ninja
Mysteries at the Castle
MythBusters
NASA's Unexplained Files
NCIS
NCIS New Orleans
NTSF-SD-SUV--
Nail Files
Nail Shop Paris
Nail'd It!
Naked Vegas
Naked and Afraid
Narcos
Naruto Shippuden
Nashville (2012)
Nashville S01 1080p WEB-DL DD+ 5.1 x264-TrollHD
Nathan For You
Ncis Los Angeles
Necessary Roughness
Ned and Stacey
Netflix Presents- The Characters
New Girl
Newlyweds The First Year
Newsreaders
Nick Cannon Presents Wild N Out
Nighty night
Nikita
Ninja Warrior
Nip Tuck
No Tomorrow
Notorious (2016)
Nurse Jackie
Oddities
Oddities San Francisco
Off Limits
Once Upon a Time
Opposite Worlds
Orange County Choppers
Orange is the New Black
Orphan Black
Outcast
Outlander
Overhaulin
OzGarage
Pain Killer Jane
Pan Am
Paranormal Witness
Parenthood 2010
Park Avenue
Parks and Recreation
Partners 2014
Party Down
Pawn Stars
Pawnography
Peaky Blinders
Peep Show
Penn & Teller Fool Us
Penn and Teller Bullshit
Penny Dreadful
Perception
Perry Mason
Person of Interest
Pink Panther Cartoons
Plastic Nee-san
Point of Honor
Police Under Pressure
Polyamory Married & Dating
Polyamory Married and Dating
Popular Science The Future of
Portlandia
Preacher
Preachers' Daughters
Pretty Little Liars
Prime Suspect (US)
Prison Break
Private Lives of Nashville Wives
Profiler
Project Greenlight
Psych
Pure Genius
Quantico
Quarry
Queen of the South
Quick Draw
Race for the White House
Raising Hope
Rake Us
Ravenswood
Ray Donovan
Real Sex
Reckless (2014)
Reckless Us
Rectify
Red Oaks
Red Widow
Rehab Addict
Reign
Resurrection
Revenge
Rick and Morty
Ripper Street
Risking It All
Rizzoli and Isles
Robot Combat League
Rogue
Roll Models
Rookie Blue
Room 9
Roommate
Rosewood
Royal Pains
Rubicon
Rules of Engagement
Rush 2014
Rush Hour (2016)
Rush Us
SBS - The Surgery Ship (2013)
Sakura Trick
Salem
Satisfaction Us
Saturday Night Live
Save Me
Scandal
Schitt's Creek
Scooby Doo Mystery Incorporated
Scorpion
Scream Queens (2015)
Scream Queens 2015
Scrubs
Sea Hunt
Search and Restore
Second Chance (2016)
Secret Diary of a Call Girl
Secret Space Escapes
Secrets of the Dead
Sense8
Sex Box
Sex Sent Me To the Er
Shades of Blue
Shades.of.Blue.S01.DIRFIX.1080p.BluRay.x264-ROVERS
Shades.of.Blue.S01.DIRFIX.1080p.BluRay.x264-ROVERS.1
Shades.of.Blue.S01.DIRFIX.1080p.BluRay.x264-ROVERS.2
Shades.of.Blue.S01.DIRFIX.1080p.BluRay.x264-ROVERS.3
Shades.of.Blue.S01.DIRFIX.1080p.BluRay.x264-ROVERS.4
Shades.of.Blue.S01.DIRFIX.1080p.BluRay.x264-ROVERS.5
Shameless
Shameless (US)
Shameless Us
Shark Tank
Shark Week
Shaun T - Insanity workout
Sherlock
Shinobi Girl
Shipping Wars
Shipping Wars UK
Siberia
Signed Sealed Delivered
Silicon Valley
Silk
Sin City Diaries
Sin City Rules
Single Ladies
Sirens 2014
Sister Wives
Skin Wars
Skins
Sleepy Hollow
Small Teen Bigger World
Small Town Security
Smallville
Snapped
Snapped Killer Couples
Son of Zorn
Sons of Anarchy
Sons of Guns
Sons of Liberty
Sons of Starcraft
Sooby Doo Where Are You
South Beach Tow
South Park
Southern Charm
Space Dandy
Spaced
Spartacus
Spawn
Speechless
Spies of Warsaw
Spike TV Presents E3
Spooks
Spooksville
Spotless
Spy 2011
Stalker
Stan Lee's Lucky Man
Star Crossed
Star Trek
Star Trek Continues
Star Trek Enterprise
Star Trek Odyssey
Star Trek The Next Generation
Star Trek Voyager
Star Trek- Deep Space Nine
Star Wars Rebels
Star-Crossed
Stargate SG-1
Starsky and Hutch
State of Affairs
Steve Harvey
Stitchers
Strange Sex
Stranger Things
Street Fighter Assassin’s Fist
Strike Back
Strong
Suburgatory
Suits
Super Bowl
Super Bowl's Greatest Commercials
Super Fun Night
Super Robot Wars Original Generation - The Inspector
SuperMansion
Superbowl
Supergirl
Superjail
Superjail!
Supernatural
Superstore
Suspects
Swamp Pawn
Swamp People
Switched at Birth
Sword Art Online
Talking Dead
Tatau
Tattoo Nightmares
Teen Mom 3
Teen Wolf
Telenovela
Terminator The Sarah Connor Chronicles
Terra Nova
Terriers
Texas Rising
The 100
The Academy Awards
The Addams Family
The Affair
The Amazing Spider-Man
The Americans 2013
The Art of More
The Assets
The Astronaut Wives Club
The Awesomes
The Bachelor
The Bad Girls Club
The Bastard Executioner
The Big Bang Theory
The Big C
The Blacklist
The Bletchley Circle
The Booth at the End
The Borgias
The Bridge Us
The Brink
The Brokenwood Mysteries
The Carbonaro Effect
The Carrie Diaries
The Casual Vacancy
The Catch
The Client List
The Colbert Report
The Colony
The Comeback
The Comedians (2015)
The Crown
The Curse of Oak Island
The Daily Show
The Daily Show with Jon Stewart
The Daily Show with Trevor Noah
The Dead Files
The Defenders 2010
The Ellen DeGeneres Show
The Equalizer
The Exorcist
The Expanse
The Fall
The Flash 2014
The Flintstones
The Following
The Get Down
The Girl's Guide to Depravity
The Glades
The Goldbergs 2013
The Good Place
The Good Wife
The Graham Norton Show
The Great Christmas Light Fight
The Great Indoors
The Grinder
The Hotel Inspector
The Hotwives of Orlando
The Hour (2011)
The IT Crowd
The Inbetweeners
The Inbetweeners (US)
The Increasingly Poor Decisions of Todd Margaret
The Kids in the Hall
The Killing
The Killing (2011)
The Killing (US)
The Knick
The Last Kingdom
The Last Man on Earth
The Last Ship
The League
The Leftovers
The Legend of Korra
The Librarians (2014)
The Librarians Us
The Lone Gunmen
The Magicians (2015)
The Man from Uncle
The Man in the High Castle
The Mentalist
The Middle
The Midnight Special
The Millers
The Mob Doctor
The Moment of Truth
The Muppets
The Musketeers
The Mysteries of Laura
The NFL's Greatest Games
The Neighbors
The Neighbors 2012
The Newsroom
The Newsroom (2012)
The Night Manager
The Night Of
The Night Shift
The Nightmare Neighbour Next Door
The Nine Lives of Chloe King
The Odd Couple (2015)
The Office (US)
The Only Way is Essex
The Originals
The Perfect Murder
The Playboy Club
The Player (2015)
The Pretender
The Real Housewives of Melbourne
The Real Housewives of New York City
The Real Hustle
The Real Hustle Uk
The Real L Word
The Real World
The Red Road
The Returned
The Returned (US)
The River (2012)
The Rockford Files
The Royals (2015)
The Shannara Chronicles
The Showbiz Show with David Spade
The Simpsons
The Sopranos
The Spoils of Babylon
The Starter Wife
The Strain
The Taste
The Thundermans
The Tomorrow People
The Tonight Show Starring Jimmy Fallon
The Tudors
The Twilight Zone
The Vampire Diaries
The Venture Bros
The Voice
The Walking Dead
The Whispers
The Wire
The World’s Biggest Ship
The X-Files
The Young Pope
This Is Us
Threesome
Thumbs.db
Timeless
To Catch a Killer
To Catch a Predator
Togetherness
Top Chef
Top Gear
Torchwood
Tornado Alley
Tosh 0
Total Divas
Tour Girls
Town of the Living Dead
Transparent
Transporter the Series
Treehouse Masters
Tripping the Rift
Troopers
Trophy Wife
True Blood
True Detective
Truth be told
Turn
Tut
Twisted
Two and a Half Men
Tyrant
Unbreakable Kimmy Schmidt
Undateable (2014)
Under The Gunn
Under the Dome
Undercover
Undercover Boss
Undercover Boss Uk
Undercover Boss Us
Underground
Unearthed (2016)
Unforgettable
United States of Tara
Unsafe Sex in the City
Untold Stories Of The E.R
Untying the Knot
VICE
Van Helsing
Veep
Vegas
Veronica Mars
Vice Principals
Vikings
Vinyl
Wahlburgers
Wake Up Call
Walking Through History
Warehouse 13
Wayward Pines
Weeds
Westworld
What on Earth!
White Album 2
White Collar
Whodunnit 2013
Whose Line Is It Anyway
Whose Line Is It Anyway (UK)
Wicked City
Wicked Tuna
Wild 'N Out
Wild West Alaska
Wilfred Us
Wings
Witches of East End
With Bob and David
Without a Trace
Wizards vs Aliens
Wolf Hall
Women's Murder Club
Wood Works
Workaholics
World's Wildest Police Videos
Wormwood Scrubs
Wrecked (2016)
Wynonna Earp
Years of Living Dangerously
You're the Worst
Younger
Your Bleeped Up Brain
Your Pretty Face is Going to Hell
Z Nation
Zero Hour (2013)
Zoo
battle creek
csi-cyber
iZombie
killer couples
life after people
ncis.1408.hdtv-lol
p90x
the.vampire.diaries.805.hdtv-lol
